<?xml version="1.0" encoding="UTF-8"?>
<!-- Generated by org.testng.reporters.JUnitReportReporter -->
<testsuite skipped="0" hostname="DevelopmentPC" name="Test_NG.Test1" tests="3" failures="0" timestamp="2020-02-09T20:09:12 IST" time="6.280" errors="0">
  <testcase name="Smoke_Test_1" time="0.002" classname="Test_NG.Test1"/>
  <testcase name="Login_Customer2" time="0.010" classname="Test_NG.Test1"/>
  <testcase name="Login_Customer1" time="6.268" classname="Test_NG.Test1"/>
</testsuite> <!-- Test_NG.Test1 -->
