<?xml version="1.0" encoding="UTF-8"?>
<!-- Generated by org.testng.reporters.JUnitReportReporter -->
<testsuite skipped="0" hostname="DevelopmentPC" name="Test_NG.Test2" tests="2" failures="0" timestamp="2020-02-09T20:09:12 IST" time="0.007" errors="0">
  <testcase name="DB" time="0.004" classname="Test_NG.Test2"/>
  <testcase name="DB" time="0.003" classname="Test_NG.Test2"/>
</testsuite> <!-- Test_NG.Test2 -->
