<?xml version="1.0" encoding="UTF-8"?>
<!-- Generated by org.testng.reporters.JUnitReportReporter -->
<testsuite skipped="0" hostname="DevelopmentPC" name="Test_NG.Data_provider_using_Excel" tests="19" failures="0" timestamp="2020-02-09T20:09:42 IST" time="0.031" errors="0">
  <testcase name="Data_provide_Excel" time="0.001" classname="Test_NG.Data_provider_using_Excel"/>
  <testcase name="Data_provide_Excel" time="0.001" classname="Test_NG.Data_provider_using_Excel"/>
  <testcase name="Data_provide_Excel" time="0.001" classname="Test_NG.Data_provider_using_Excel"/>
  <testcase name="Data_provide_Excel" time="0.001" classname="Test_NG.Data_provider_using_Excel"/>
  <testcase name="Data_provide_Excel" time="0.002" classname="Test_NG.Data_provider_using_Excel"/>
  <testcase name="Data_provide_Excel" time="0.002" classname="Test_NG.Data_provider_using_Excel"/>
  <testcase name="Data_provide_Excel" time="0.001" classname="Test_NG.Data_provider_using_Excel"/>
  <testcase name="Data_provide_Excel" time="0.001" classname="Test_NG.Data_provider_using_Excel"/>
  <testcase name="Data_provide_Excel" time="0.002" classname="Test_NG.Data_provider_using_Excel"/>
  <testcase name="Data_provide_Excel" time="0.000" classname="Test_NG.Data_provider_using_Excel"/>
  <testcase name="Data_provide_Excel" time="0.002" classname="Test_NG.Data_provider_using_Excel"/>
  <testcase name="Data_provide_Excel" time="0.001" classname="Test_NG.Data_provider_using_Excel"/>
  <testcase name="Data_provide_Excel" time="0.002" classname="Test_NG.Data_provider_using_Excel"/>
  <testcase name="Data_provide_Excel" time="0.001" classname="Test_NG.Data_provider_using_Excel"/>
  <testcase name="Data_provide_Excel" time="0.001" classname="Test_NG.Data_provider_using_Excel"/>
  <testcase name="Data_provide_Excel" time="0.002" classname="Test_NG.Data_provider_using_Excel"/>
  <testcase name="Data_provide_Excel" time="0.008" classname="Test_NG.Data_provider_using_Excel"/>
  <testcase name="Data_provide_Excel" time="0.001" classname="Test_NG.Data_provider_using_Excel"/>
  <testcase name="Data_provide_Excel" time="0.001" classname="Test_NG.Data_provider_using_Excel"/>
</testsuite> <!-- Test_NG.Data_provider_using_Excel -->
