<?xml version="1.0" encoding="UTF-8"?>
<!-- Generated by org.testng.reporters.JUnitReportReporter -->
<testsuite skipped="0" hostname="DevelopmentPC" name="Test_NG.Parameterizing_From_TestNG" tests="1" failures="0" timestamp="2020-02-09T20:09:12 IST" time="0.003" errors="0">
  <testcase name="Param1" time="0.003" classname="Test_NG.Parameterizing_From_TestNG"/>
</testsuite> <!-- Test_NG.Parameterizing_From_TestNG -->
