<?xml version="1.0" encoding="UTF-8"?>
<!-- Generated by org.testng.reporters.JUnitReportReporter -->
<testsuite skipped="0" hostname="DevelopmentPC" name="Test_NG_Listeners.Parallel2" tests="1" failures="0" timestamp="2020-02-09T20:06:40 IST" time="5.128" errors="0">
  <testcase name="P2" time="5.128" classname="Test_NG_Listeners.Parallel2"/>
</testsuite> <!-- Test_NG_Listeners.Parallel2 -->
