<?xml version="1.0" encoding="UTF-8"?>
<!-- Generated by org.testng.reporters.JUnitReportReporter -->
<testsuite skipped="0" hostname="DevelopmentPC" name="Test_NG.Test3" tests="4" failures="0" timestamp="2020-02-09T20:09:12 IST" time="5.005" errors="0">
  <testcase name="T3" time="5.003" classname="Test_NG.Test3"/>
  <testcase name="Dependency" time="0.000" classname="Test_NG.Test3"/>
  <testcase name="Smoke_Test_3" time="0.001" classname="Test_NG.Test3"/>
  <testcase name="T1" time="0.001" classname="Test_NG.Test3"/>
</testsuite> <!-- Test_NG.Test3 -->
