<?xml version="1.0" encoding="UTF-8"?>
<!-- Generated by org.testng.reporters.JUnitReportReporter -->
<testsuite skipped="0" hostname="DevelopmentPC" name="Test_NG_Listeners.TestCases" tests="6" failures="0" timestamp="2020-02-09T19:23:29 IST" time="0.025" errors="0">
  <testcase name="Test1" time="0.017" classname="Test_NG_Listeners.TestCases"/>
  <testcase name="Test3" time="0.002" classname="Test_NG_Listeners.TestCases"/>
  <testcase name="Test2" time="0.001" classname="Test_NG_Listeners.TestCases"/>
  <testcase name="Test6" time="0.002" classname="Test_NG_Listeners.TestCases"/>
  <testcase name="Test4" time="0.002" classname="Test_NG_Listeners.TestCases"/>
  <testcase name="Test5" time="0.001" classname="Test_NG_Listeners.TestCases"/>
</testsuite> <!-- Test_NG_Listeners.TestCases -->
